<?xml version="1.0" encoding="UTF-8"?>
<!-- Generated by org.testng.reporters.JUnitXMLReporter -->
<testsuite hostname="v-hj-022d" name="TestSuiteIntiation" tests="3" failures="2" timestamp="7 Mar 2014 08:25:00 GMT" time="86.115" errors="0">
  <testcase name="runLoginPositiveFlow" time="33.949" classname="com.advantage.tests.LoginTest">
    <failure type="com.advantage.genericexceptions.WrongPageException" message="Not at Login page (must contain &amp;apos;/Login.html&amp;apos;)  URL:  http://ppud9050:8080/upm/error/LoginFailed.html?cppt=7
">
      <![CDATA[com.advantage.genericexceptions.WrongPageException: Not at Login page (must contain '/Login.html')  URL:  http://ppud9050:8080/upm/error/LoginFailed.html?cppt=7

	at com.advantage.framework.Framework.initialize(Framework.java:139)
	at com.advantage.pages.Login.<init>(Login.java:45)
	at com.advantage.pages.Navigation.clickLogout(Navigation.java:67)
	at com.advantage.tests.LoginTest.runLoginPositiveFlow(LoginTest.java:191)
	at java.util.concurrent.FutureTask.run(Unknown Source)
	at java.util.concurrent.ThreadPoolExecutor.runWorker(Unknown Source)
	at java.util.concurrent.ThreadPoolExecutor$Worker.run(Unknown Source)
	at java.lang.Thread.run(Unknown Source)
... Removed 16 stack frames]]>
    </failure>
  </testcase> <!-- runLoginPositiveFlow -->
  <testcase name="runLoginPositiveFlow" time="33.465" classname="com.advantage.tests.LoginTest">
    <failure type="com.advantage.genericexceptions.WrongPageException" message="Not at Login page (must contain &amp;apos;/Login.html&amp;apos;)  URL:  http://ppud9050:8080/upm/error/LoginFailed.html?cppt=8
">
      <![CDATA[com.advantage.genericexceptions.WrongPageException: Not at Login page (must contain '/Login.html')  URL:  http://ppud9050:8080/upm/error/LoginFailed.html?cppt=8

	at com.advantage.framework.Framework.initialize(Framework.java:139)
	at com.advantage.pages.Login.<init>(Login.java:45)
	at com.advantage.pages.Navigation.clickLogout(Navigation.java:67)
	at com.advantage.tests.LoginTest.runLoginPositiveFlow(LoginTest.java:191)
	at java.util.concurrent.FutureTask.run(Unknown Source)
	at java.util.concurrent.ThreadPoolExecutor.runWorker(Unknown Source)
	at java.util.concurrent.ThreadPoolExecutor$Worker.run(Unknown Source)
	at java.lang.Thread.run(Unknown Source)
... Removed 16 stack frames]]>
    </failure>
  </testcase> <!-- runLoginPositiveFlow -->
  <testcase name="runPasswordBlankFlow" time="1.952" classname="com.advantage.tests.LoginTest"/>
</testsuite> <!-- TestSuiteIntiation -->
