<?xml version="1.0" encoding="UTF-8"?>
<!-- Generated by org.testng.reporters.JUnitXMLReporter -->
<testsuite hostname="v-hj-022d" name="TestSuiteIntiation" tests="2" failures="0" timestamp="31 Mar 2014 09:40:16 GMT" time="199.646" errors="0">
  <testcase name="runCreateNewUser" time="74.38" classname="com.advantage.tests.testLink.CreateNewUserTest"/>
  <testcase name="runCreateGuestUserLogin" time="100.613" classname="com.advantage.tests.testLink.CreateGuestUserForFirstLogin"/>
</testsuite> <!-- TestSuiteIntiation -->
