<?xml version="1.0" encoding="UTF-8"?>
<!-- Generated by org.testng.reporters.JUnitXMLReporter -->
<testsuite hostname="v-hj-022d" name="CreateNewUser" tests="1" failures="1" timestamp="5 May 2014 09:28:15 GMT" time="51.817" errors="0">
  <testcase name="runCreateNewUser" time="41.017" classname="com.advantage.tests.testLink.CreateNewUserTest">
    <failure type="java.lang.NullPointerException" message="null value in entry: id=null">
      <![CDATA[java.lang.NullPointerException: null value in entry: id=null
	at com.google.common.base.Preconditions.checkNotNull(Preconditions.java:235)
	at com.google.common.collect.ImmutableBiMap.of(ImmutableBiMap.java:61)
	at com.google.common.collect.ImmutableMap.of(ImmutableMap.java:80)
	at org.openqa.selenium.remote.RemoteWebDriver$RemoteTargetLocator.frame(RemoteWebDriver.java:805)
	at com.advantage.framework.Framework.switchFrame(Framework.java:3314)
	at com.advantage.pages.testLink.HomePage.selectProject(HomePage.java:101)
	at com.advantage.tests.testLink.CreateNewUserTest.runCreateNewUser(CreateNewUserTest.java:330)
	at java.util.concurrent.FutureTask.run(Unknown Source)
	at java.util.concurrent.ThreadPoolExecutor.runWorker(Unknown Source)
	at java.util.concurrent.ThreadPoolExecutor$Worker.run(Unknown Source)
	at java.lang.Thread.run(Unknown Source)
... Removed 16 stack frames]]>
    </failure>
  </testcase> <!-- runCreateNewUser -->
</testsuite> <!-- CreateNewUser -->
