<?xml version="1.0" encoding="UTF-8"?>
<!-- Generated by org.testng.reporters.JUnitXMLReporter -->
<testsuite hostname="v-hj-022d" name="CreateGuestUserForFirstLogin" tests="1" failures="1" timestamp="16 Apr 2014 09:22:15 GMT" time="52.176" errors="0">
  <testcase name="runCreateGuestUserLogin" time="19.508" classname="com.advantage.tests.testLink.CreateGuestUserForFirstLogin">
    <failure type="com.advantage.genericexceptions.EnterFieldNoSuchElementException" message="Could not find &amp;apos;Login Name&amp;apos; due to exception:  java.lang.NullPointerException:  null">
      <![CDATA[com.advantage.genericexceptions.EnterFieldNoSuchElementException: Could not find 'Login Name' due to exception:  java.lang.NullPointerException:  null
	at com.advantage.framework.Framework.enterField(Unknown Source)
	at com.advantage.framework.Framework.enterField(Unknown Source)
	at com.advantage.pages.testLink.FirstLogin.enterLoginName(Unknown Source)
	at com.advantage.pages.testLink.FirstLogin.GuestUser(Unknown Source)
	at com.advantage.tests.testLink.CreateGuestUserForFirstLogin.runCreateGuestUserLogin(Unknown Source)
	at java.util.concurrent.ThreadPoolExecutor.runWorker(Unknown Source)
	at java.util.concurrent.ThreadPoolExecutor$Worker.run(Unknown Source)
	at java.lang.Thread.run(Unknown Source)
... Removed 10 stack frames]]>
    </failure>
  </testcase> <!-- runCreateGuestUserLogin -->
</testsuite> <!-- CreateGuestUserForFirstLogin -->
