<?xml version="1.0" encoding="UTF-8"?>
<!-- Generated by org.testng.reporters.JUnitXMLReporter -->
<testsuite hostname="v-hj-022d" name="TestSuiteIntiation" tests="3" failures="1" timestamp="2 Apr 2014 04:58:10 GMT" time="244.49" errors="0">
  <testcase name="runCreateNewUser" time="73.218" classname="com.advantage.tests.testLink.CreateNewUserTest"/>
  <testcase name="runCreateGuestUserLogin" time="97.325" classname="com.advantage.tests.testLink.CreateGuestUserForFirstLogin"/>
  <testcase name="runUpdateUserInformation" time="43.386" classname="com.advantage.tests.testLink.UpdateUserInformation">
    <failure type="java.lang.NullPointerException" message="null value in entry: id=null">
      <![CDATA[java.lang.NullPointerException: null value in entry: id=null
	at com.google.common.base.Preconditions.checkNotNull(Preconditions.java:235)
	at com.google.common.collect.ImmutableBiMap.of(ImmutableBiMap.java:61)
	at com.google.common.collect.ImmutableMap.of(ImmutableMap.java:80)
	at org.openqa.selenium.remote.RemoteWebDriver$RemoteTargetLocator.frame(RemoteWebDriver.java:805)
	at com.advantage.framework.Framework.switchFrame(Framework.java:3307)
	at com.advantage.pages.testLink.HomePage.clickMySettings(HomePage.java:73)
	at com.advantage.tests.testLink.UpdateUserInformation.runUpdateUserInformation(UpdateUserInformation.java:175)
	at java.util.concurrent.FutureTask.run(Unknown Source)
	at java.util.concurrent.ThreadPoolExecutor.runWorker(Unknown Source)
	at java.util.concurrent.ThreadPoolExecutor$Worker.run(Unknown Source)
	at java.lang.Thread.run(Unknown Source)
... Removed 16 stack frames]]>
    </failure>
  </testcase> <!-- runUpdateUserInformation -->
</testsuite> <!-- TestSuiteIntiation -->
