<?xml version="1.0" encoding="UTF-8"?>
<!-- Generated by org.testng.reporters.JUnitXMLReporter -->
<testsuite hostname="v-hj-022d" name="UpdateUserInformation" tests="1" failures="1" timestamp="16 Apr 2014 09:22:05 GMT" time="42.789" errors="0">
  <testcase name="runUpdateUserInformation" time="20.059" classname="com.advantage.tests.testLink.UpdateUserInformation">
    <failure type="java.lang.NullPointerException" message="null value in entry: id=null">
      <![CDATA[java.lang.NullPointerException: null value in entry: id=null
	at com.google.common.base.Preconditions.checkNotNull(Preconditions.java:235)
	at com.google.common.collect.ImmutableBiMap.of(ImmutableBiMap.java:61)
	at com.google.common.collect.ImmutableMap.of(ImmutableMap.java:80)
	at org.openqa.selenium.remote.RemoteWebDriver$RemoteTargetLocator.frame(RemoteWebDriver.java:805)
	at com.advantage.framework.Framework.switchFrame(Unknown Source)
	at com.advantage.pages.testLink.HomePage.clickMySettings(Unknown Source)
	at com.advantage.tests.testLink.UpdateUserInformation.runUpdateUserInformation(Unknown Source)
	at java.util.concurrent.ThreadPoolExecutor.runWorker(Unknown Source)
	at java.util.concurrent.ThreadPoolExecutor$Worker.run(Unknown Source)
	at java.lang.Thread.run(Unknown Source)
... Removed 10 stack frames]]>
    </failure>
  </testcase> <!-- runUpdateUserInformation -->
</testsuite> <!-- UpdateUserInformation -->
