<?xml version="1.0" encoding="UTF-8"?>
<testsuite name="TestSuiteIntiation"
           tests="1"
           failures="1"
           errors="0"
           skipped="0"
           time="112.563">
  <properties />
            <testcase name="runCreateTestSuiteFlow" time="112.563" classname="com.advantage.tests.testLink.CreateTestSuiteFlow">
                <failure type="com.advantage.genericexceptions.ClickNoSuchElementException"
                  message="Could not find &apos;//*[@id=&apos;extdd-1&apos;]/a&apos; due to exception:  java.lang.NullPointerException:  null"
              >
<![CDATA[com.advantage.genericexceptions.ClickNoSuchElementException: Could not find '//*[@id='extdd-1']/a' due to exception:  java.lang.NullPointerException:  null
  com.advantage.framework.Framework.click(Framework.java:1429)
  com.advantage.framework.Framework.click(Framework.java:2284)
  com.advantage.pages.testLink.TestSpecification.clickProjFolder(TestSpecification.java:82)
  com.advantage.tests.testLink.CreateTestSuiteFlow.runCreateTestSuiteFlow(CreateTestSuiteFlow.java:271)
  sun.reflect.NativeMethodAccessorImpl.invoke0(Native Method)
  sun.reflect.NativeMethodAccessorImpl.invoke(Unknown Source)
  sun.reflect.DelegatingMethodAccessorImpl.invoke(Unknown Source)
  java.lang.reflect.Method.invoke(Unknown Source)
  org.testng.internal.MethodInvocationHelper.invokeMethod(MethodInvocationHelper.java:80)
  org.testng.internal.Invoker.invokeMethod(Invoker.java:714)
  org.testng.internal.Invoker.invokeTestMethod(Invoker.java:901)
  org.testng.internal.Invoker.invokeTestMethods(Invoker.java:1231)
  org.testng.internal.TestMethodWorker.invokeTestMethods(TestMethodWorker.java:128)
  org.testng.internal.TestMethodWorker.run(TestMethodWorker.java:111)
  org.testng.TestRunner.privateRun(TestRunner.java:767)
  org.testng.TestRunner.run(TestRunner.java:617)
  org.testng.SuiteRunner.runTest(SuiteRunner.java:334)
  org.testng.SuiteRunner.access$0(SuiteRunner.java:333)
  org.testng.SuiteRunner$SuiteWorker.run(SuiteRunner.java:368)
  org.testng.internal.thread.ThreadUtil$2.call(ThreadUtil.java:64)
  java.util.concurrent.FutureTask.run(Unknown Source)
  java.util.concurrent.ThreadPoolExecutor.runWorker(Unknown Source)
  java.util.concurrent.ThreadPoolExecutor$Worker.run(Unknown Source)
  java.lang.Thread.run(Unknown Source)
]]>
      </failure>

          </testcase>
  
  
  
</testsuite>
