<?xml version="1.0" encoding="UTF-8"?>
<testsuite name="CreateNewUser"
           tests="1"
           failures="1"
           errors="0"
           skipped="0"
           time="41.017">
  <properties />
            <testcase name="runCreateNewUser" time="41.017" classname="com.advantage.tests.testLink.CreateNewUserTest">
                <failure type="java.lang.NullPointerException"
                  message="null value in entry: id=null"
              >
<![CDATA[java.lang.NullPointerException: null value in entry: id=null
  com.google.common.base.Preconditions.checkNotNull(Preconditions.java:235)
  com.google.common.collect.ImmutableBiMap.of(ImmutableBiMap.java:61)
  com.google.common.collect.ImmutableMap.of(ImmutableMap.java:80)
  org.openqa.selenium.remote.RemoteWebDriver$RemoteTargetLocator.frame(RemoteWebDriver.java:805)
  com.advantage.framework.Framework.switchFrame(Framework.java:3314)
  com.advantage.pages.testLink.HomePage.selectProject(HomePage.java:101)
  com.advantage.tests.testLink.CreateNewUserTest.runCreateNewUser(CreateNewUserTest.java:330)
  sun.reflect.NativeMethodAccessorImpl.invoke0(Native Method)
  sun.reflect.NativeMethodAccessorImpl.invoke(Unknown Source)
  sun.reflect.DelegatingMethodAccessorImpl.invoke(Unknown Source)
  java.lang.reflect.Method.invoke(Unknown Source)
  org.testng.internal.MethodInvocationHelper.invokeMethod(MethodInvocationHelper.java:80)
  org.testng.internal.Invoker.invokeMethod(Invoker.java:714)
  org.testng.internal.Invoker.invokeTestMethod(Invoker.java:901)
  org.testng.internal.Invoker.invokeTestMethods(Invoker.java:1231)
  org.testng.internal.TestMethodWorker.invokeTestMethods(TestMethodWorker.java:128)
  org.testng.internal.TestMethodWorker.run(TestMethodWorker.java:111)
  org.testng.TestRunner.privateRun(TestRunner.java:767)
  org.testng.TestRunner.run(TestRunner.java:617)
  org.testng.SuiteRunner.runTest(SuiteRunner.java:334)
  org.testng.SuiteRunner.access$0(SuiteRunner.java:333)
  org.testng.SuiteRunner$SuiteWorker.run(SuiteRunner.java:368)
  org.testng.internal.thread.ThreadUtil$2.call(ThreadUtil.java:64)
  java.util.concurrent.FutureTask.run(Unknown Source)
  java.util.concurrent.ThreadPoolExecutor.runWorker(Unknown Source)
  java.util.concurrent.ThreadPoolExecutor$Worker.run(Unknown Source)
  java.lang.Thread.run(Unknown Source)
]]>
      </failure>

          </testcase>
  
  
  
</testsuite>
