<?xml version="1.0" encoding="UTF-8"?>
<testsuite name="CreateGuestUserForFirstLogin"
           tests="1"
           failures="1"
           errors="0"
           skipped="0"
           time="19.508">
  <properties />
            <testcase name="runCreateGuestUserLogin" time="19.508" classname="com.advantage.tests.testLink.CreateGuestUserForFirstLogin">
                <failure type="com.advantage.genericexceptions.EnterFieldNoSuchElementException"
                  message="Could not find &apos;Login Name&apos; due to exception:  java.lang.NullPointerException:  null"
              >
<![CDATA[com.advantage.genericexceptions.EnterFieldNoSuchElementException: Could not find 'Login Name' due to exception:  java.lang.NullPointerException:  null
  com.advantage.framework.Framework.enterField(Unknown Source)
  com.advantage.framework.Framework.enterField(Unknown Source)
  com.advantage.pages.testLink.FirstLogin.enterLoginName(Unknown Source)
  com.advantage.pages.testLink.FirstLogin.GuestUser(Unknown Source)
  com.advantage.tests.testLink.CreateGuestUserForFirstLogin.runCreateGuestUserLogin(Unknown Source)
  sun.reflect.NativeMethodAccessorImpl.invoke0(Native Method)
  sun.reflect.NativeMethodAccessorImpl.invoke(Unknown Source)
  sun.reflect.DelegatingMethodAccessorImpl.invoke(Unknown Source)
  java.lang.reflect.Method.invoke(Unknown Source)
  org.testng.internal.MethodInvocationHelper.invokeMethod(MethodInvocationHelper.java:80)
  org.testng.internal.Invoker.invokeMethod(Invoker.java:714)
  org.testng.internal.Invoker.invokeTestMethod(Invoker.java:901)
  org.testng.internal.Invoker.invokeTestMethods(Invoker.java:1231)
  org.testng.internal.TestMethodWorker.invokeTestMethods(TestMethodWorker.java:128)
  org.testng.internal.TestMethodWorker.run(TestMethodWorker.java:111)
  java.util.concurrent.ThreadPoolExecutor.runWorker(Unknown Source)
  java.util.concurrent.ThreadPoolExecutor$Worker.run(Unknown Source)
  java.lang.Thread.run(Unknown Source)
]]>
      </failure>

          </testcase>
  
  
  
</testsuite>
